<?xml version="1.0" encoding="UTF-8"?>
<!-- Generated by org.testng.reporters.JUnitReportReporter -->
<testsuite hostname="DESKTOP-4KNVIJL" failures="0" tests="3" name="com.mystore.testcases.TC_MyAccountPageTestDataDriven" time="8.617" errors="0" timestamp="2025-02-21T16:22:43 IST" skipped="1">
  <testcase classname="com.mystore.testcases.TC_MyAccountPageTestDataDriven" name="VerifyLogin" time="4.378"/>
  <system-out/>
  <testcase classname="com.mystore.testcases.TC_MyAccountPageTestDataDriven" name="VerifyLogin" time="4.239"/>
  <system-out/>
  <testcase classname="com.mystore.testcases.TC_MyAccountPageTestDataDriven" name="verifyRegistrationAndLogin">
    <skipped/>
  </testcase> <!-- verifyRegistrationAndLogin -->
  <system-out/>
</testsuite> <!-- com.mystore.testcases.TC_MyAccountPageTestDataDriven -->
