<?xml version="1.0" encoding="UTF-8"?>
<!-- Generated by org.testng.reporters.JUnitReportReporter -->
<testsuite hostname="DESKTOP-4KNVIJL" failures="0" tests="2" name="com.mystore.testcases.TC_ProductPageTest" time="36.016" errors="0" timestamp="2025-02-27T15:10:27 IST" skipped="0">
  <testcase classname="com.mystore.testcases.TC_ProductPageTest" name="VerifySearchProduct" time="7.271"/>
  <system-out/>
  <testcase classname="com.mystore.testcases.TC_ProductPageTest" name="VerifyBuyProduct" time="28.745"/>
  <system-out/>
</testsuite> <!-- com.mystore.testcases.TC_ProductPageTest -->
